<?xml version="1.0" encoding="utf-8"?><testsuites><testsuite errors="0" failures="0" hostname="DESKTOP-9LANON9" name="pytest" skipped="0" tests="8" time="30.410" timestamp="2020-06-20T23:39:50.627232"><testcase classname="test_dir.test_baidu.TestSearch" file="test_dir\test_baidu.py" line="16" name="test_baidu_search_case" time="7.883"></testcase><testcase classname="test_dir.test_baidu.TestSearch" file="test_dir\test_baidu.py" line="32" name="test_baidu_search_case2" time="2.387"></testcase><testcase classname="test_dir.test_baidu.TestSearchSettings" file="test_dir\test_baidu.py" line="54" name="test_baidu_search_setting" time="5.488"></testcase><testcase classname="test_dir.test_parametrize.TestCase" file="test_dir\test_parametrize.py" line="26" name="test_baidu_search1[case1]" time="2.765"></testcase><testcase classname="test_dir.test_parametrize.TestCase" file="test_dir\test_parametrize.py" line="26" name="test_baidu_search1[case2]" time="2.442"></testcase><testcase classname="test_dir.test_parametrize.TestCase" file="test_dir\test_parametrize.py" line="26" name="test_baidu_search1[case3]" time="2.565"></testcase><testcase classname="test_dir.test_parametrize.TestCase" file="test_dir\test_parametrize.py" line="59" name="test_baidu_search2[1-baby]" time="2.363"></testcase><testcase classname="test_dir.test_parametrize.TestCase" file="test_dir\test_parametrize.py" line="59" name="test_baidu_search2[2-girl]" time="4.424"></testcase></testsuite></testsuites>